<?xml version="1.0" encoding="UTF-8" ?>
<testsuite errors="0" failures="4" hostname="DESKTOP-DAP69SA" name="estructurasnolineales.EstructurasNoLinealesTest" skipped="0" tests="10" time="0.37" timestamp="2020-04-24T03:07:18">
  <properties>
[...]
</properties>
  <testcase classname="estructurasnolineales.EstructurasNoLinealesTest" name="testCountLeafs" time="0.002" />
  <testcase classname="estructurasnolineales.EstructurasNoLinealesTest" name="testCountNodes" time="0.0" />
  <testcase classname="estructurasnolineales.EstructurasNoLinealesTest" name="testLastLevel" time="0.012">
    <failure message="expected:&lt;3&gt; but was:&lt;12&gt;" type="junit.framework.AssertionFailedError">junit.framework.AssertionFailedError: expected:&lt;3&gt; but was:&lt;12&gt;
	at estructurasnolineales.EstructurasNoLinealesTest.testLastLevel(EstructurasNoLinealesTest.java:141)
	at java.base/jdk.internal.reflect.NativeMethodAccessorImpl.invoke0(Native Method)
	at java.base/jdk.internal.reflect.NativeMethodAccessorImpl.invoke(NativeMethodAccessorImpl.java:62)
	at java.base/jdk.internal.reflect.DelegatingMethodAccessorImpl.invoke(DelegatingMethodAccessorImpl.java:43)
</failure>
  </testcase>
  <testcase classname="estructurasnolineales.EstructurasNoLinealesTest" name="testPostorden" time="0.002" />
  <testcase classname="estructurasnolineales.EstructurasNoLinealesTest" name="testDeleteOneByOne" time="0.006">
    <failure message="expected:&lt;7 10 [18 21 23 24] &gt; but was:&lt;7 10 [23 24 21 23 24 30] &gt;" type="junit.framework.AssertionFailedError">junit.framework.AssertionFailedError: expected:&lt;7 10 [18 21 23 24] &gt; but was:&lt;7 10 [23 24 21 23 24 30] &gt;
	at estructurasnolineales.EstructurasNoLinealesTest.testDeleteOneByOne(EstructurasNoLinealesTest.java:119)
	at java.base/jdk.internal.reflect.NativeMethodAccessorImpl.invoke0(Native Method)
	at java.base/jdk.internal.reflect.NativeMethodAccessorImpl.invoke(NativeMethodAccessorImpl.java:62)
	at java.base/jdk.internal.reflect.DelegatingMethodAccessorImpl.invoke(DelegatingMethodAccessorImpl.java:43)
</failure>
  </testcase>
  <testcase classname="estructurasnolineales.EstructurasNoLinealesTest" name="testPreorden" time="0.001" />
  <testcase classname="estructurasnolineales.EstructurasNoLinealesTest" name="testLevelOrder" time="0.003">
    <failure message="expected:&lt;[10 &#xa;7 21 &#xa;18 23 &#xa;24 ]&gt; but was:&lt;[]&gt;" type="junit.framework.AssertionFailedError">junit.framework.AssertionFailedError: expected:&lt;[10 
7 21 
18 23 
24 ]&gt; but was:&lt;[]&gt;
	at estructurasnolineales.EstructurasNoLinealesTest.testLevelOrder(EstructurasNoLinealesTest.java:151)
	at java.base/jdk.internal.reflect.NativeMethodAccessorImpl.invoke0(Native Method)
	at java.base/jdk.internal.reflect.NativeMethodAccessorImpl.invoke(NativeMethodAccessorImpl.java:62)
	at java.base/jdk.internal.reflect.DelegatingMethodAccessorImpl.invoke(DelegatingMethodAccessorImpl.java:43)
</failure>
  </testcase>
  <testcase classname="estructurasnolineales.EstructurasNoLinealesTest" name="testDeleteOne" time="0.0" />
  <testcase classname="estructurasnolineales.EstructurasNoLinealesTest" name="testDeleteRoot" time="0.002">
    <failure message="expected:&lt;[]99 &gt; but was:&lt;[55 ]99 &gt;" type="junit.framework.AssertionFailedError">junit.framework.AssertionFailedError: expected:&lt;[]99 &gt; but was:&lt;[55 ]99 &gt;
	at estructurasnolineales.EstructurasNoLinealesTest.testDeleteRoot(EstructurasNoLinealesTest.java:134)
	at java.base/jdk.internal.reflect.NativeMethodAccessorImpl.invoke0(Native Method)
	at java.base/jdk.internal.reflect.NativeMethodAccessorImpl.invoke(NativeMethodAccessorImpl.java:62)
	at java.base/jdk.internal.reflect.DelegatingMethodAccessorImpl.invoke(DelegatingMethodAccessorImpl.java:43)
</failure>
  </testcase>
  <testcase classname="estructurasnolineales.EstructurasNoLinealesTest" name="testInorden" time="0.001" />
  <system-out><![CDATA[]]></system-out>
  <system-err><![CDATA[]]></system-err>
</testsuite>
